<?xml version="1.0" ?>
<!DOCTYPE coverage SYSTEM "http://cobertura.sourceforge.net/xml/coverage-04.dtd">
<coverage lines-valid="447"  lines-covered="433"  line-rate="0.9687"  branches-valid="40"  branches-covered="35"  branch-rate="0.875"  timestamp="1464641858030" complexity="0" version="0.1">
<sources>
	<source>/home/travis/build/Tumetsu/saaksi</source>
</sources>
<packages>
	<package name="src"  line-rate="1"  branch-rate="1" >
	<classes>
		<class name="app.js"  filename="app/src/app.js"  line-rate="1"  branch-rate="1" >
		<methods>
			<method name="(anonymous_1)"  hits="37"  signature="()V" >
				<lines><line number="36"  hits="37" /></lines>
			</method>
			<method name="(anonymous_2)"  hits="37"  signature="()V" >
				<lines><line number="101"  hits="37" /></lines>
			</method>
			<method name="(anonymous_3)"  hits="22"  signature="()V" >
				<lines><line number="103"  hits="22" /></lines>
			</method>
			<method name="(anonymous_4)"  hits="10"  signature="()V" >
				<lines><line number="108"  hits="10" /></lines>
			</method>
		</methods>
		<lines>
			<line number="11"  hits="1"  branch="false" />
			<line number="38"  hits="37"  branch="false" />
			<line number="44"  hits="37"  branch="false" />
			<line number="45"  hits="37"  branch="false" />
			<line number="46"  hits="37"  branch="false" />
			<line number="47"  hits="37"  branch="false" />
			<line number="50"  hits="37"  branch="false" />
			<line number="54"  hits="37"  branch="false" />
			<line number="62"  hits="37"  branch="false" />
			<line number="65"  hits="37"  branch="false" />
			<line number="103"  hits="37"  branch="false" />
			<line number="104"  hits="22"  branch="false" />
			<line number="108"  hits="37"  branch="false" />
			<line number="109"  hits="10"  branch="true"  condition-coverage="100% (2/2)" />
			<line number="110"  hits="2"  branch="true"  condition-coverage="100% (2/2)" />
			<line number="111"  hits="1"  branch="false" />
			<line number="112"  hits="1"  branch="false" />
			<line number="113"  hits="1"  branch="false" />
		</lines>
		</class>
		<class name="app.spec.js"  filename="app/src/app.spec.js"  line-rate="1"  branch-rate="1" >
		<methods>
			<method name="(anonymous_1)"  hits="1"  signature="()V" >
				<lines><line number="3"  hits="1" /></lines>
			</method>
			<method name="(anonymous_2)"  hits="2"  signature="()V" >
				<lines><line number="15"  hits="2" /></lines>
			</method>
			<method name="(anonymous_3)"  hits="1"  signature="()V" >
				<lines><line number="23"  hits="1" /></lines>
			</method>
			<method name="(anonymous_4)"  hits="1"  signature="()V" >
				<lines><line number="24"  hits="1" /></lines>
			</method>
			<method name="(anonymous_5)"  hits="1"  signature="()V" >
				<lines><line number="34"  hits="1" /></lines>
			</method>
		</methods>
		<lines>
			<line number="3"  hits="1"  branch="false" />
			<line number="6"  hits="1"  branch="false" />
			<line number="7"  hits="1"  branch="false" />
			<line number="9"  hits="1"  branch="false" />
			<line number="15"  hits="1"  branch="false" />
			<line number="16"  hits="2"  branch="false" />
			<line number="17"  hits="2"  branch="false" />
			<line number="18"  hits="2"  branch="false" />
			<line number="19"  hits="2"  branch="false" />
			<line number="20"  hits="2"  branch="false" />
			<line number="23"  hits="1"  branch="false" />
			<line number="24"  hits="1"  branch="false" />
			<line number="25"  hits="1"  branch="false" />
			<line number="29"  hits="1"  branch="false" />
			<line number="30"  hits="1"  branch="false" />
			<line number="31"  hits="1"  branch="false" />
			<line number="34"  hits="1"  branch="false" />
			<line number="35"  hits="1"  branch="false" />
			<line number="36"  hits="1"  branch="false" />
			<line number="40"  hits="1"  branch="false" />
			<line number="41"  hits="1"  branch="false" />
			<line number="42"  hits="1"  branch="false" />
			<line number="43"  hits="1"  branch="false" />
		</lines>
		</class>
	</classes>
	</package>
	<package name="src.apikey"  line-rate="0.9118"  branch-rate="1" >
	<classes>
		<class name="apikey.controller.js"  filename="app/src/apikey/apikey.controller.js"  line-rate="1"  branch-rate="1" >
		<methods>
			<method name="(anonymous_1)"  hits="8"  signature="()V" >
				<lines><line number="3"  hits="8" /></lines>
			</method>
			<method name="(anonymous_2)"  hits="4"  signature="()V" >
				<lines><line number="9"  hits="4" /></lines>
			</method>
			<method name="(anonymous_3)"  hits="4"  signature="()V" >
				<lines><line number="12"  hits="4" /></lines>
			</method>
			<method name="(anonymous_4)"  hits="4"  signature="()V" >
				<lines><line number="26"  hits="4" /></lines>
			</method>
			<method name="redirect"  hits="7"  signature="()V" >
				<lines><line number="31"  hits="7" /></lines>
			</method>
		</methods>
		<lines>
			<line number="2"  hits="1"  branch="false" />
			<line number="4"  hits="8"  branch="false" />
			<line number="5"  hits="8"  branch="false" />
			<line number="6"  hits="8"  branch="false" />
			<line number="7"  hits="8"  branch="false" />
			<line number="9"  hits="8"  branch="false" />
			<line number="10"  hits="4"  branch="false" />
			<line number="12"  hits="4"  branch="false" />
			<line number="13"  hits="4"  branch="true"  condition-coverage="100% (2/2)" />
			<line number="16"  hits="1"  branch="false" />
			<line number="19"  hits="3"  branch="false" />
			<line number="20"  hits="3"  branch="false" />
			<line number="21"  hits="3"  branch="false" />
			<line number="26"  hits="8"  branch="false" />
			<line number="27"  hits="4"  branch="false" />
			<line number="28"  hits="4"  branch="false" />
			<line number="31"  hits="1"  branch="false" />
			<line number="33"  hits="7"  branch="true"  condition-coverage="100% (4/4)" />
			<line number="34"  hits="1"  branch="false" />
			<line number="35"  hits="1"  branch="false" />
			<line number="37"  hits="6"  branch="false" />
			<line number="38"  hits="6"  branch="false" />
		</lines>
		</class>
		<class name="apikey.module.js"  filename="app/src/apikey/apikey.module.js"  line-rate="1"  branch-rate="1" >
		<methods>
		</methods>
		<lines>
			<line number="1"  hits="1"  branch="false" />
		</lines>
		</class>
		<class name="apikey.service.js"  filename="app/src/apikey/apikey.service.js"  line-rate="1"  branch-rate="1" >
		<methods>
			<method name="(anonymous_1)"  hits="37"  signature="()V" >
				<lines><line number="3"  hits="37" /></lines>
			</method>
			<method name="(anonymous_2)"  hits="4"  signature="()V" >
				<lines><line number="5"  hits="4" /></lines>
			</method>
			<method name="(anonymous_3)"  hits="2"  signature="()V" >
				<lines><line number="9"  hits="2" /></lines>
			</method>
			<method name="(anonymous_4)"  hits="1"  signature="()V" >
				<lines><line number="13"  hits="1" /></lines>
			</method>
		</methods>
		<lines>
			<line number="2"  hits="1"  branch="false" />
			<line number="5"  hits="37"  branch="false" />
			<line number="6"  hits="4"  branch="false" />
			<line number="9"  hits="37"  branch="false" />
			<line number="10"  hits="2"  branch="false" />
			<line number="13"  hits="37"  branch="false" />
			<line number="14"  hits="1"  branch="false" />
		</lines>
		</class>
		<class name="apikeyvalidator.directive.js"  filename="app/src/apikey/apikeyvalidator.directive.js"  line-rate="0.25"  branch-rate="1" >
		<methods>
			<method name="(anonymous_1)"  hits="0"  signature="()V" >
				<lines><line number="3"  hits="0" /></lines>
			</method>
			<method name="(anonymous_2)"  hits="0"  signature="()V" >
				<lines><line number="7"  hits="0" /></lines>
			</method>
			<method name="(anonymous_3)"  hits="0"  signature="()V" >
				<lines><line number="8"  hits="0" /></lines>
			</method>
		</methods>
		<lines>
			<line number="2"  hits="1"  branch="false" />
			<line number="4"  hits="0"  branch="false" />
			<line number="8"  hits="0"  branch="false" />
			<line number="9"  hits="0"  branch="false" />
		</lines>
		</class>
	</classes>
	</package>
	<package name="src.apikey.test"  line-rate="0.9917"  branch-rate="1" >
	<classes>
		<class name="apikey.controller.spec.js"  filename="app/src/apikey/test/apikey.controller.spec.js"  line-rate="0.9884999999999999"  branch-rate="1" >
		<methods>
			<method name="(anonymous_1)"  hits="1"  signature="()V" >
				<lines><line number="3"  hits="1" /></lines>
			</method>
			<method name="(anonymous_2)"  hits="8"  signature="()V" >
				<lines><line number="10"  hits="8" /></lines>
			</method>
			<method name="(anonymous_3)"  hits="8"  signature="()V" >
				<lines><line number="24"  hits="8" /></lines>
			</method>
			<method name="(anonymous_4)"  hits="0"  signature="()V" >
				<lines><line number="31"  hits="0" /></lines>
			</method>
			<method name="(anonymous_5)"  hits="0"  signature="()V" >
				<lines><line number="34"  hits="0" /></lines>
			</method>
			<method name="(anonymous_6)"  hits="0"  signature="()V" >
				<lines><line number="35"  hits="0" /></lines>
			</method>
			<method name="(anonymous_7)"  hits="0"  signature="()V" >
				<lines><line number="36"  hits="0" /></lines>
			</method>
			<method name="(anonymous_8)"  hits="7"  signature="()V" >
				<lines><line number="40"  hits="7" /></lines>
			</method>
			<method name="(anonymous_9)"  hits="1"  signature="()V" >
				<lines><line number="65"  hits="1" /></lines>
			</method>
			<method name="(anonymous_10)"  hits="1"  signature="()V" >
				<lines><line number="70"  hits="1" /></lines>
			</method>
			<method name="(anonymous_11)"  hits="1"  signature="()V" >
				<lines><line number="71"  hits="1" /></lines>
			</method>
			<method name="(anonymous_12)"  hits="1"  signature="()V" >
				<lines><line number="73"  hits="1" /></lines>
			</method>
			<method name="(anonymous_13)"  hits="1"  signature="()V" >
				<lines><line number="80"  hits="1" /></lines>
			</method>
			<method name="(anonymous_14)"  hits="1"  signature="()V" >
				<lines><line number="89"  hits="1" /></lines>
			</method>
			<method name="(anonymous_15)"  hits="1"  signature="()V" >
				<lines><line number="91"  hits="1" /></lines>
			</method>
			<method name="(anonymous_16)"  hits="1"  signature="()V" >
				<lines><line number="98"  hits="1" /></lines>
			</method>
			<method name="(anonymous_17)"  hits="1"  signature="()V" >
				<lines><line number="105"  hits="1" /></lines>
			</method>
			<method name="(anonymous_18)"  hits="1"  signature="()V" >
				<lines><line number="107"  hits="1" /></lines>
			</method>
			<method name="(anonymous_19)"  hits="1"  signature="()V" >
				<lines><line number="114"  hits="1" /></lines>
			</method>
			<method name="(anonymous_20)"  hits="1"  signature="()V" >
				<lines><line number="124"  hits="1" /></lines>
			</method>
			<method name="(anonymous_21)"  hits="1"  signature="()V" >
				<lines><line number="125"  hits="1" /></lines>
			</method>
			<method name="(anonymous_22)"  hits="1"  signature="()V" >
				<lines><line number="127"  hits="1" /></lines>
			</method>
			<method name="(anonymous_23)"  hits="1"  signature="()V" >
				<lines><line number="134"  hits="1" /></lines>
			</method>
			<method name="(anonymous_24)"  hits="1"  signature="()V" >
				<lines><line number="145"  hits="1" /></lines>
			</method>
			<method name="(anonymous_25)"  hits="1"  signature="()V" >
				<lines><line number="146"  hits="1" /></lines>
			</method>
			<method name="(anonymous_26)"  hits="1"  signature="()V" >
				<lines><line number="153"  hits="1" /></lines>
			</method>
			<method name="(anonymous_27)"  hits="1"  signature="()V" >
				<lines><line number="161"  hits="1" /></lines>
			</method>
		</methods>
		<lines>
			<line number="3"  hits="1"  branch="false" />
			<line number="6"  hits="1"  branch="false" />
			<line number="7"  hits="1"  branch="false" />
			<line number="8"  hits="1"  branch="false" />
			<line number="10"  hits="1"  branch="false" />
			<line number="11"  hits="8"  branch="false" />
			<line number="14"  hits="1"  branch="false" />
			<line number="24"  hits="1"  branch="false" />
			<line number="25"  hits="8"  branch="false" />
			<line number="26"  hits="8"  branch="false" />
			<line number="27"  hits="8"  branch="false" />
			<line number="30"  hits="8"  branch="false" />
			<line number="33"  hits="8"  branch="false" />
			<line number="34"  hits="0"  branch="false" />
			<line number="38"  hits="8"  branch="false" />
			<line number="39"  hits="8"  branch="false" />
			<line number="40"  hits="7"  branch="false" />
			<line number="49"  hits="8"  branch="false" />
			<line number="50"  hits="8"  branch="false" />
			<line number="51"  hits="8"  branch="false" />
			<line number="53"  hits="8"  branch="false" />
			<line number="62"  hits="8"  branch="false" />
			<line number="65"  hits="1"  branch="false" />
			<line number="66"  hits="1"  branch="false" />
			<line number="67"  hits="1"  branch="false" />
			<line number="70"  hits="1"  branch="false" />
			<line number="71"  hits="1"  branch="false" />
			<line number="73"  hits="1"  branch="false" />
			<line number="74"  hits="1"  branch="false" />
			<line number="75"  hits="1"  branch="false" />
			<line number="76"  hits="1"  branch="false" />
			<line number="79"  hits="1"  branch="false" />
			<line number="80"  hits="1"  branch="false" />
			<line number="81"  hits="1"  branch="false" />
			<line number="82"  hits="1"  branch="false" />
			<line number="83"  hits="1"  branch="false" />
			<line number="84"  hits="1"  branch="false" />
			<line number="86"  hits="1"  branch="false" />
			<line number="89"  hits="1"  branch="false" />
			<line number="91"  hits="1"  branch="false" />
			<line number="92"  hits="1"  branch="false" />
			<line number="93"  hits="1"  branch="false" />
			<line number="94"  hits="1"  branch="false" />
			<line number="97"  hits="1"  branch="false" />
			<line number="98"  hits="1"  branch="false" />
			<line number="99"  hits="1"  branch="false" />
			<line number="100"  hits="1"  branch="false" />
			<line number="102"  hits="1"  branch="false" />
			<line number="105"  hits="1"  branch="false" />
			<line number="107"  hits="1"  branch="false" />
			<line number="108"  hits="1"  branch="false" />
			<line number="109"  hits="1"  branch="false" />
			<line number="110"  hits="1"  branch="false" />
			<line number="113"  hits="1"  branch="false" />
			<line number="114"  hits="1"  branch="false" />
			<line number="115"  hits="1"  branch="false" />
			<line number="116"  hits="1"  branch="false" />
			<line number="117"  hits="1"  branch="false" />
			<line number="118"  hits="1"  branch="false" />
			<line number="120"  hits="1"  branch="false" />
			<line number="124"  hits="1"  branch="false" />
			<line number="125"  hits="1"  branch="false" />
			<line number="127"  hits="1"  branch="false" />
			<line number="128"  hits="1"  branch="false" />
			<line number="129"  hits="1"  branch="false" />
			<line number="130"  hits="1"  branch="false" />
			<line number="133"  hits="1"  branch="false" />
			<line number="134"  hits="1"  branch="false" />
			<line number="135"  hits="1"  branch="false" />
			<line number="136"  hits="1"  branch="false" />
			<line number="137"  hits="1"  branch="false" />
			<line number="138"  hits="1"  branch="false" />
			<line number="140"  hits="1"  branch="false" />
			<line number="145"  hits="1"  branch="false" />
			<line number="146"  hits="1"  branch="false" />
			<line number="148"  hits="1"  branch="false" />
			<line number="149"  hits="1"  branch="false" />
			<line number="150"  hits="1"  branch="false" />
			<line number="153"  hits="1"  branch="false" />
			<line number="155"  hits="1"  branch="false" />
			<line number="156"  hits="1"  branch="false" />
			<line number="157"  hits="1"  branch="false" />
			<line number="158"  hits="1"  branch="false" />
			<line number="161"  hits="1"  branch="false" />
			<line number="163"  hits="1"  branch="false" />
			<line number="164"  hits="1"  branch="false" />
			<line number="165"  hits="1"  branch="false" />
		</lines>
		</class>
		<class name="apikey.service.spec.js"  filename="app/src/apikey/test/apikey.service.spec.js"  line-rate="1"  branch-rate="1" >
		<methods>
			<method name="(anonymous_1)"  hits="1"  signature="()V" >
				<lines><line number="3"  hits="1" /></lines>
			</method>
			<method name="(anonymous_2)"  hits="5"  signature="()V" >
				<lines><line number="14"  hits="5" /></lines>
			</method>
			<method name="(anonymous_3)"  hits="5"  signature="()V" >
				<lines><line number="21"  hits="5" /></lines>
			</method>
			<method name="(anonymous_4)"  hits="1"  signature="()V" >
				<lines><line number="25"  hits="1" /></lines>
			</method>
			<method name="(anonymous_5)"  hits="1"  signature="()V" >
				<lines><line number="29"  hits="1" /></lines>
			</method>
			<method name="(anonymous_6)"  hits="1"  signature="()V" >
				<lines><line number="31"  hits="1" /></lines>
			</method>
			<method name="(anonymous_7)"  hits="1"  signature="()V" >
				<lines><line number="36"  hits="1" /></lines>
			</method>
			<method name="(anonymous_8)"  hits="1"  signature="()V" >
				<lines><line number="44"  hits="1" /></lines>
			</method>
			<method name="(anonymous_9)"  hits="1"  signature="()V" >
				<lines><line number="46"  hits="1" /></lines>
			</method>
			<method name="(anonymous_10)"  hits="1"  signature="()V" >
				<lines><line number="54"  hits="1" /></lines>
			</method>
			<method name="(anonymous_11)"  hits="1"  signature="()V" >
				<lines><line number="55"  hits="1" /></lines>
			</method>
		</methods>
		<lines>
			<line number="3"  hits="1"  branch="false" />
			<line number="6"  hits="1"  branch="false" />
			<line number="7"  hits="1"  branch="false" />
			<line number="9"  hits="1"  branch="false" />
			<line number="14"  hits="1"  branch="false" />
			<line number="15"  hits="5"  branch="false" />
			<line number="16"  hits="5"  branch="false" />
			<line number="17"  hits="5"  branch="false" />
			<line number="18"  hits="5"  branch="false" />
			<line number="21"  hits="1"  branch="false" />
			<line number="22"  hits="5"  branch="false" />
			<line number="25"  hits="1"  branch="false" />
			<line number="26"  hits="1"  branch="false" />
			<line number="29"  hits="1"  branch="false" />
			<line number="31"  hits="1"  branch="false" />
			<line number="32"  hits="1"  branch="false" />
			<line number="33"  hits="1"  branch="false" />
			<line number="36"  hits="1"  branch="false" />
			<line number="38"  hits="1"  branch="false" />
			<line number="39"  hits="1"  branch="false" />
			<line number="40"  hits="1"  branch="false" />
			<line number="44"  hits="1"  branch="false" />
			<line number="46"  hits="1"  branch="false" />
			<line number="47"  hits="1"  branch="false" />
			<line number="48"  hits="1"  branch="false" />
			<line number="49"  hits="1"  branch="false" />
			<line number="54"  hits="1"  branch="false" />
			<line number="55"  hits="1"  branch="false" />
			<line number="56"  hits="1"  branch="false" />
			<line number="57"  hits="1"  branch="false" />
			<line number="58"  hits="1"  branch="false" />
			<line number="59"  hits="1"  branch="false" />
			<line number="60"  hits="1"  branch="false" />
		</lines>
		</class>
	</classes>
	</package>
	<package name="src.common"  line-rate="0.125"  branch-rate="0" >
	<classes>
		<class name="language.directive.js"  filename="app/src/common/language.directive.js"  line-rate="0.125"  branch-rate="0" >
		<methods>
			<method name="(anonymous_1)"  hits="0"  signature="()V" >
				<lines><line number="3"  hits="0" /></lines>
			</method>
			<method name="(anonymous_2)"  hits="0"  signature="()V" >
				<lines><line number="8"  hits="0" /></lines>
			</method>
			<method name="(anonymous_3)"  hits="0"  signature="()V" >
				<lines><line number="9"  hits="0" /></lines>
			</method>
		</methods>
		<lines>
			<line number="2"  hits="1"  branch="false" />
			<line number="4"  hits="0"  branch="false" />
			<line number="9"  hits="0"  branch="false" />
			<line number="10"  hits="0"  branch="true"  condition-coverage="0% (0/2)" />
			<line number="11"  hits="0"  branch="true"  condition-coverage="0% (0/2)" />
			<line number="12"  hits="0"  branch="false" />
			<line number="14"  hits="0"  branch="false" />
			<line number="16"  hits="0"  branch="false" />
		</lines>
		</class>
	</classes>
	</package>
	<package name="src.constants"  line-rate="1"  branch-rate="1" >
	<classes>
		<class name="lodash.module.js"  filename="app/src/constants/lodash.module.js"  line-rate="1"  branch-rate="1" >
		<methods>
		</methods>
		<lines>
			<line number="1"  hits="1"  branch="false" />
		</lines>
		</class>
		<class name="metolib.module.js"  filename="app/src/constants/metolib.module.js"  line-rate="1"  branch-rate="1" >
		<methods>
		</methods>
		<lines>
			<line number="1"  hits="1"  branch="false" />
		</lines>
		</class>
		<class name="moment.module.js"  filename="app/src/constants/moment.module.js"  line-rate="1"  branch-rate="1" >
		<methods>
		</methods>
		<lines>
			<line number="1"  hits="1"  branch="false" />
		</lines>
		</class>
	</classes>
	</package>
	<package name="src.dailyWeather"  line-rate="0.9592"  branch-rate="0.9582999999999999" >
	<classes>
		<class name="dailyWeather.controller.js"  filename="app/src/dailyWeather/dailyWeather.controller.js"  line-rate="0.9582999999999999"  branch-rate="0.9582999999999999" >
		<methods>
			<method name="(anonymous_1)"  hits="14"  signature="()V" >
				<lines><line number="4"  hits="14" /></lines>
			</method>
			<method name="(anonymous_2)"  hits="20"  signature="()V" >
				<lines><line number="15"  hits="20" /></lines>
			</method>
			<method name="(anonymous_3)"  hits="10"  signature="()V" >
				<lines><line number="37"  hits="10" /></lines>
			</method>
			<method name="(anonymous_4)"  hits="2"  signature="()V" >
				<lines><line number="58"  hits="2" /></lines>
			</method>
			<method name="(anonymous_5)"  hits="7"  signature="()V" >
				<lines><line number="65"  hits="7" /></lines>
			</method>
			<method name="(anonymous_6)"  hits="5"  signature="()V" >
				<lines><line number="77"  hits="5" /></lines>
			</method>
			<method name="(anonymous_7)"  hits="2"  signature="()V" >
				<lines><line number="105"  hits="2" /></lines>
			</method>
		</methods>
		<lines>
			<line number="2"  hits="1"  branch="false" />
			<line number="5"  hits="14"  branch="false" />
			<line number="7"  hits="14"  branch="false" />
			<line number="8"  hits="14"  branch="false" />
			<line number="9"  hits="14"  branch="false" />
			<line number="10"  hits="14"  branch="false" />
			<line number="11"  hits="14"  branch="false" />
			<line number="15"  hits="14"  branch="false" />
			<line number="16"  hits="20"  branch="false" />
			<line number="21"  hits="20"  branch="false" />
			<line number="30"  hits="14"  branch="false" />
			<line number="37"  hits="14"  branch="false" />
			<line number="38"  hits="10"  branch="true"  condition-coverage="100% (2/2)" />
			<line number="39"  hits="6"  branch="false" />
			<line number="41"  hits="4"  branch="true"  condition-coverage="100% (2/2)" />
			<line number="42"  hits="2"  branch="false" />
			<line number="44"  hits="2"  branch="true"  condition-coverage="100% (4/4)" />
			<line number="45"  hits="1"  branch="false" />
			<line number="47"  hits="1"  branch="false" />
			<line number="58"  hits="14"  branch="false" />
			<line number="59"  hits="2"  branch="false" />
			<line number="60"  hits="2"  branch="false" />
			<line number="65"  hits="14"  branch="false" />
			<line number="67"  hits="7"  branch="true"  condition-coverage="100% (4/4)" />
			<line number="68"  hits="1"  branch="false" />
			<line number="77"  hits="14"  branch="false" />
			<line number="78"  hits="5"  branch="false" />
			<line number="79"  hits="5"  branch="false" />
			<line number="81"  hits="5"  branch="true"  condition-coverage="100% (2/2)" />
			<line number="82"  hits="2"  branch="false" />
			<line number="83"  hits="3"  branch="true"  condition-coverage="100% (2/2)" />
			<line number="84"  hits="1"  branch="false" />
			<line number="85"  hits="2"  branch="true"  condition-coverage="50% (1/2)" />
			<line number="86"  hits="2"  branch="false" />
			<line number="88"  hits="0"  branch="false" />
			<line number="89"  hits="0"  branch="false" />
			<line number="92"  hits="5"  branch="true"  condition-coverage="100% (2/2)" />
			<line number="93"  hits="1"  branch="false" />
			<line number="94"  hits="4"  branch="true"  condition-coverage="100% (2/2)" />
			<line number="95"  hits="1"  branch="false" />
			<line number="98"  hits="5"  branch="false" />
			<line number="99"  hits="5"  branch="false" />
			<line number="105"  hits="14"  branch="false" />
			<line number="106"  hits="2"  branch="true"  condition-coverage="100% (2/2)" />
			<line number="107"  hits="1"  branch="false" />
			<line number="108"  hits="1"  branch="false" />
			<line number="109"  hits="1"  branch="false" />
			<line number="116"  hits="1"  branch="false" />
		</lines>
		</class>
		<class name="dailyWeather.module.js"  filename="app/src/dailyWeather/dailyWeather.module.js"  line-rate="1"  branch-rate="1" >
		<methods>
		</methods>
		<lines>
			<line number="1"  hits="1"  branch="false" />
		</lines>
		</class>
	</classes>
	</package>
	<package name="src.dailyWeather.test"  line-rate="1"  branch-rate="1" >
	<classes>
		<class name="dailyWeather.controller.spec.js"  filename="app/src/dailyWeather/test/dailyWeather.controller.spec.js"  line-rate="1"  branch-rate="1" >
		<methods>
			<method name="(anonymous_1)"  hits="1"  signature="()V" >
				<lines><line number="3"  hits="1" /></lines>
			</method>
			<method name="(anonymous_2)"  hits="14"  signature="()V" >
				<lines><line number="10"  hits="14" /></lines>
			</method>
			<method name="(anonymous_3)"  hits="14"  signature="()V" >
				<lines><line number="44"  hits="14" /></lines>
			</method>
			<method name="(anonymous_4)"  hits="0"  signature="()V" >
				<lines><line number="51"  hits="0" /></lines>
			</method>
			<method name="(anonymous_5)"  hits="14"  signature="()V" >
				<lines><line number="55"  hits="14" /></lines>
			</method>
			<method name="(anonymous_6)"  hits="1"  signature="()V" >
				<lines><line number="73"  hits="1" /></lines>
			</method>
			<method name="(anonymous_7)"  hits="1"  signature="()V" >
				<lines><line number="80"  hits="1" /></lines>
			</method>
			<method name="(anonymous_8)"  hits="1"  signature="()V" >
				<lines><line number="81"  hits="1" /></lines>
			</method>
			<method name="(anonymous_9)"  hits="1"  signature="()V" >
				<lines><line number="96"  hits="1" /></lines>
			</method>
			<method name="(anonymous_10)"  hits="1"  signature="()V" >
				<lines><line number="97"  hits="1" /></lines>
			</method>
			<method name="(anonymous_11)"  hits="1"  signature="()V" >
				<lines><line number="103"  hits="1" /></lines>
			</method>
			<method name="(anonymous_12)"  hits="1"  signature="()V" >
				<lines><line number="110"  hits="1" /></lines>
			</method>
			<method name="(anonymous_13)"  hits="1"  signature="()V" >
				<lines><line number="119"  hits="1" /></lines>
			</method>
			<method name="(anonymous_14)"  hits="1"  signature="()V" >
				<lines><line number="128"  hits="1" /></lines>
			</method>
			<method name="(anonymous_15)"  hits="1"  signature="()V" >
				<lines><line number="129"  hits="1" /></lines>
			</method>
			<method name="(anonymous_16)"  hits="1"  signature="()V" >
				<lines><line number="137"  hits="1" /></lines>
			</method>
			<method name="(anonymous_17)"  hits="1"  signature="()V" >
				<lines><line number="146"  hits="1" /></lines>
			</method>
			<method name="(anonymous_18)"  hits="1"  signature="()V" >
				<lines><line number="147"  hits="1" /></lines>
			</method>
			<method name="(anonymous_19)"  hits="1"  signature="()V" >
				<lines><line number="162"  hits="1" /></lines>
			</method>
			<method name="(anonymous_20)"  hits="1"  signature="()V" >
				<lines><line number="178"  hits="1" /></lines>
			</method>
			<method name="(anonymous_21)"  hits="1"  signature="()V" >
				<lines><line number="194"  hits="1" /></lines>
			</method>
			<method name="(anonymous_22)"  hits="1"  signature="()V" >
				<lines><line number="209"  hits="1" /></lines>
			</method>
			<method name="(anonymous_23)"  hits="1"  signature="()V" >
				<lines><line number="226"  hits="1" /></lines>
			</method>
			<method name="(anonymous_24)"  hits="1"  signature="()V" >
				<lines><line number="228"  hits="1" /></lines>
			</method>
		</methods>
		<lines>
			<line number="3"  hits="1"  branch="false" />
			<line number="6"  hits="1"  branch="false" />
			<line number="7"  hits="1"  branch="false" />
			<line number="8"  hits="1"  branch="false" />
			<line number="10"  hits="1"  branch="false" />
			<line number="11"  hits="14"  branch="false" />
			<line number="14"  hits="1"  branch="false" />
			<line number="20"  hits="1"  branch="false" />
			<line number="44"  hits="1"  branch="false" />
			<line number="45"  hits="14"  branch="false" />
			<line number="46"  hits="14"  branch="false" />
			<line number="47"  hits="14"  branch="false" />
			<line number="50"  hits="14"  branch="false" />
			<line number="55"  hits="14"  branch="false" />
			<line number="56"  hits="14"  branch="false" />
			<line number="57"  hits="14"  branch="false" />
			<line number="60"  hits="14"  branch="false" />
			<line number="63"  hits="14"  branch="false" />
			<line number="69"  hits="14"  branch="false" />
			<line number="73"  hits="1"  branch="false" />
			<line number="74"  hits="1"  branch="false" />
			<line number="75"  hits="1"  branch="false" />
			<line number="76"  hits="1"  branch="false" />
			<line number="77"  hits="1"  branch="false" />
			<line number="80"  hits="1"  branch="false" />
			<line number="81"  hits="1"  branch="false" />
			<line number="83"  hits="1"  branch="false" />
			<line number="84"  hits="1"  branch="false" />
			<line number="85"  hits="1"  branch="false" />
			<line number="87"  hits="1"  branch="false" />
			<line number="88"  hits="1"  branch="false" />
			<line number="89"  hits="1"  branch="false" />
			<line number="90"  hits="1"  branch="false" />
			<line number="91"  hits="1"  branch="false" />
			<line number="92"  hits="1"  branch="false" />
			<line number="96"  hits="1"  branch="false" />
			<line number="97"  hits="1"  branch="false" />
			<line number="98"  hits="1"  branch="false" />
			<line number="99"  hits="1"  branch="false" />
			<line number="100"  hits="1"  branch="false" />
			<line number="103"  hits="1"  branch="false" />
			<line number="104"  hits="1"  branch="false" />
			<line number="105"  hits="1"  branch="false" />
			<line number="106"  hits="1"  branch="false" />
			<line number="107"  hits="1"  branch="false" />
			<line number="110"  hits="1"  branch="false" />
			<line number="111"  hits="1"  branch="false" />
			<line number="112"  hits="1"  branch="false" />
			<line number="113"  hits="1"  branch="false" />
			<line number="114"  hits="1"  branch="false" />
			<line number="115"  hits="1"  branch="false" />
			<line number="116"  hits="1"  branch="false" />
			<line number="119"  hits="1"  branch="false" />
			<line number="120"  hits="1"  branch="false" />
			<line number="121"  hits="1"  branch="false" />
			<line number="122"  hits="1"  branch="false" />
			<line number="123"  hits="1"  branch="false" />
			<line number="124"  hits="1"  branch="false" />
			<line number="128"  hits="1"  branch="false" />
			<line number="129"  hits="1"  branch="false" />
			<line number="131"  hits="1"  branch="false" />
			<line number="132"  hits="1"  branch="false" />
			<line number="133"  hits="1"  branch="false" />
			<line number="137"  hits="1"  branch="false" />
			<line number="139"  hits="1"  branch="false" />
			<line number="140"  hits="1"  branch="false" />
			<line number="141"  hits="1"  branch="false" />
			<line number="142"  hits="1"  branch="false" />
			<line number="146"  hits="1"  branch="false" />
			<line number="147"  hits="1"  branch="false" />
			<line number="148"  hits="1"  branch="false" />
			<line number="149"  hits="1"  branch="false" />
			<line number="150"  hits="1"  branch="false" />
			<line number="158"  hits="1"  branch="false" />
			<line number="159"  hits="1"  branch="false" />
			<line number="162"  hits="1"  branch="false" />
			<line number="163"  hits="1"  branch="false" />
			<line number="164"  hits="1"  branch="false" />
			<line number="165"  hits="1"  branch="false" />
			<line number="166"  hits="1"  branch="false" />
			<line number="174"  hits="1"  branch="false" />
			<line number="175"  hits="1"  branch="false" />
			<line number="178"  hits="1"  branch="false" />
			<line number="179"  hits="1"  branch="false" />
			<line number="180"  hits="1"  branch="false" />
			<line number="181"  hits="1"  branch="false" />
			<line number="182"  hits="1"  branch="false" />
			<line number="190"  hits="1"  branch="false" />
			<line number="191"  hits="1"  branch="false" />
			<line number="194"  hits="1"  branch="false" />
			<line number="195"  hits="1"  branch="false" />
			<line number="196"  hits="1"  branch="false" />
			<line number="197"  hits="1"  branch="false" />
			<line number="205"  hits="1"  branch="false" />
			<line number="206"  hits="1"  branch="false" />
			<line number="209"  hits="1"  branch="false" />
			<line number="210"  hits="1"  branch="false" />
			<line number="211"  hits="1"  branch="false" />
			<line number="212"  hits="1"  branch="false" />
			<line number="220"  hits="1"  branch="false" />
			<line number="221"  hits="1"  branch="false" />
			<line number="226"  hits="1"  branch="false" />
			<line number="228"  hits="1"  branch="false" />
			<line number="229"  hits="1"  branch="false" />
			<line number="232"  hits="1"  branch="false" />
			<line number="233"  hits="1"  branch="false" />
			<line number="234"  hits="1"  branch="false" />
		</lines>
		</class>
	</classes>
	</package>
	<package name="src.fmi"  line-rate="0.9882"  branch-rate="1" >
	<classes>
		<class name="fmi.module.js"  filename="app/src/fmi/fmi.module.js"  line-rate="1"  branch-rate="1" >
		<methods>
		</methods>
		<lines>
			<line number="1"  hits="1"  branch="false" />
		</lines>
		</class>
		<class name="fmi.service.js"  filename="app/src/fmi/fmi.service.js"  line-rate="1"  branch-rate="1" >
		<methods>
			<method name="(anonymous_1)"  hits="8"  signature="()V" >
				<lines><line number="3"  hits="8" /></lines>
			</method>
			<method name="(anonymous_2)"  hits="2"  signature="()V" >
				<lines><line number="11"  hits="2" /></lines>
			</method>
			<method name="(anonymous_3)"  hits="1"  signature="()V" >
				<lines><line number="20"  hits="1" /></lines>
			</method>
			<method name="(anonymous_4)"  hits="1"  signature="()V" >
				<lines><line number="22"  hits="1" /></lines>
			</method>
			<method name="(anonymous_5)"  hits="2"  signature="()V" >
				<lines><line number="34"  hits="2" /></lines>
			</method>
			<method name="(anonymous_6)"  hits="1"  signature="()V" >
				<lines><line number="43"  hits="1" /></lines>
			</method>
			<method name="(anonymous_7)"  hits="1"  signature="()V" >
				<lines><line number="45"  hits="1" /></lines>
			</method>
			<method name="(anonymous_8)"  hits="3"  signature="()V" >
				<lines><line number="57"  hits="3" /></lines>
			</method>
			<method name="(anonymous_9)"  hits="1"  signature="()V" >
				<lines><line number="72"  hits="1" /></lines>
			</method>
			<method name="(anonymous_10)"  hits="1"  signature="()V" >
				<lines><line number="74"  hits="1" /></lines>
			</method>
		</methods>
		<lines>
			<line number="2"  hits="1"  branch="false" />
			<line number="4"  hits="8"  branch="false" />
			<line number="11"  hits="8"  branch="false" />
			<line number="12"  hits="2"  branch="false" />
			<line number="13"  hits="2"  branch="false" />
			<line number="21"  hits="1"  branch="false" />
			<line number="23"  hits="1"  branch="false" />
			<line number="26"  hits="2"  branch="false" />
			<line number="34"  hits="8"  branch="false" />
			<line number="35"  hits="2"  branch="false" />
			<line number="36"  hits="2"  branch="false" />
			<line number="44"  hits="1"  branch="false" />
			<line number="46"  hits="1"  branch="false" />
			<line number="49"  hits="2"  branch="false" />
			<line number="57"  hits="8"  branch="false" />
			<line number="58"  hits="3"  branch="false" />
			<line number="59"  hits="3"  branch="false" />
			<line number="63"  hits="3"  branch="true"  condition-coverage="100% (2/2)" />
			<line number="64"  hits="1"  branch="false" />
			<line number="65"  hits="1"  branch="false" />
			<line number="68"  hits="2"  branch="false" />
			<line number="73"  hits="1"  branch="false" />
			<line number="75"  hits="1"  branch="false" />
			<line number="78"  hits="2"  branch="false" />
		</lines>
		</class>
		<class name="fmi.service.spec.js"  filename="app/src/fmi/fmi.service.spec.js"  line-rate="0.9833"  branch-rate="1" >
		<methods>
			<method name="(anonymous_1)"  hits="1"  signature="()V" >
				<lines><line number="3"  hits="1" /></lines>
			</method>
			<method name="(anonymous_2)"  hits="8"  signature="()V" >
				<lines><line number="14"  hits="8" /></lines>
			</method>
			<method name="(anonymous_3)"  hits="1"  signature="()V" >
				<lines><line number="20"  hits="1" /></lines>
			</method>
			<method name="(anonymous_4)"  hits="1"  signature="()V" >
				<lines><line number="24"  hits="1" /></lines>
			</method>
			<method name="(anonymous_5)"  hits="1"  signature="()V" >
				<lines><line number="26"  hits="1" /></lines>
			</method>
			<method name="(anonymous_6)"  hits="1"  signature="()V" >
				<lines><line number="29"  hits="1" /></lines>
			</method>
			<method name="(anonymous_7)"  hits="1"  signature="()V" >
				<lines><line number="36"  hits="1" /></lines>
			</method>
			<method name="(anonymous_8)"  hits="1"  signature="()V" >
				<lines><line number="39"  hits="1" /></lines>
			</method>
			<method name="(anonymous_9)"  hits="1"  signature="()V" >
				<lines><line number="47"  hits="1" /></lines>
			</method>
			<method name="(anonymous_10)"  hits="1"  signature="()V" >
				<lines><line number="49"  hits="1" /></lines>
			</method>
			<method name="(anonymous_11)"  hits="1"  signature="()V" >
				<lines><line number="52"  hits="1" /></lines>
			</method>
			<method name="(anonymous_12)"  hits="1"  signature="()V" >
				<lines><line number="59"  hits="1" /></lines>
			</method>
			<method name="(anonymous_13)"  hits="1"  signature="()V" >
				<lines><line number="62"  hits="1" /></lines>
			</method>
			<method name="(anonymous_14)"  hits="1"  signature="()V" >
				<lines><line number="70"  hits="1" /></lines>
			</method>
			<method name="(anonymous_15)"  hits="1"  signature="()V" >
				<lines><line number="72"  hits="1" /></lines>
			</method>
			<method name="(anonymous_16)"  hits="1"  signature="()V" >
				<lines><line number="74"  hits="1" /></lines>
			</method>
			<method name="(anonymous_17)"  hits="1"  signature="()V" >
				<lines><line number="81"  hits="1" /></lines>
			</method>
			<method name="(anonymous_18)"  hits="1"  signature="()V" >
				<lines><line number="83"  hits="1" /></lines>
			</method>
			<method name="(anonymous_19)"  hits="1"  signature="()V" >
				<lines><line number="90"  hits="1" /></lines>
			</method>
			<method name="(anonymous_20)"  hits="0"  signature="()V" >
				<lines><line number="91"  hits="0" /></lines>
			</method>
			<method name="(anonymous_21)"  hits="1"  signature="()V" >
				<lines><line number="93"  hits="1" /></lines>
			</method>
		</methods>
		<lines>
			<line number="3"  hits="1"  branch="false" />
			<line number="6"  hits="1"  branch="false" />
			<line number="7"  hits="1"  branch="false" />
			<line number="8"  hits="1"  branch="false" />
			<line number="10"  hits="1"  branch="false" />
			<line number="14"  hits="1"  branch="false" />
			<line number="15"  hits="8"  branch="false" />
			<line number="16"  hits="8"  branch="false" />
			<line number="17"  hits="8"  branch="false" />
			<line number="20"  hits="1"  branch="false" />
			<line number="21"  hits="1"  branch="false" />
			<line number="24"  hits="1"  branch="false" />
			<line number="26"  hits="1"  branch="false" />
			<line number="27"  hits="1"  branch="false" />
			<line number="28"  hits="1"  branch="false" />
			<line number="29"  hits="1"  branch="false" />
			<line number="30"  hits="1"  branch="false" />
			<line number="31"  hits="1"  branch="false" />
			<line number="33"  hits="1"  branch="false" />
			<line number="36"  hits="1"  branch="false" />
			<line number="37"  hits="1"  branch="false" />
			<line number="38"  hits="1"  branch="false" />
			<line number="39"  hits="1"  branch="false" />
			<line number="40"  hits="1"  branch="false" />
			<line number="41"  hits="1"  branch="false" />
			<line number="43"  hits="1"  branch="false" />
			<line number="47"  hits="1"  branch="false" />
			<line number="49"  hits="1"  branch="false" />
			<line number="50"  hits="1"  branch="false" />
			<line number="51"  hits="1"  branch="false" />
			<line number="52"  hits="1"  branch="false" />
			<line number="53"  hits="1"  branch="false" />
			<line number="54"  hits="1"  branch="false" />
			<line number="56"  hits="1"  branch="false" />
			<line number="59"  hits="1"  branch="false" />
			<line number="60"  hits="1"  branch="false" />
			<line number="61"  hits="1"  branch="false" />
			<line number="62"  hits="1"  branch="false" />
			<line number="63"  hits="1"  branch="false" />
			<line number="64"  hits="1"  branch="false" />
			<line number="66"  hits="1"  branch="false" />
			<line number="70"  hits="1"  branch="false" />
			<line number="72"  hits="1"  branch="false" />
			<line number="73"  hits="1"  branch="false" />
			<line number="74"  hits="1"  branch="false" />
			<line number="75"  hits="1"  branch="false" />
			<line number="76"  hits="1"  branch="false" />
			<line number="78"  hits="1"  branch="false" />
			<line number="81"  hits="1"  branch="false" />
			<line number="82"  hits="1"  branch="false" />
			<line number="83"  hits="1"  branch="false" />
			<line number="84"  hits="1"  branch="false" />
			<line number="85"  hits="1"  branch="false" />
			<line number="87"  hits="1"  branch="false" />
			<line number="90"  hits="1"  branch="false" />
			<line number="91"  hits="1"  branch="false" />
			<line number="92"  hits="0"  branch="false" />
			<line number="94"  hits="1"  branch="false" />
			<line number="95"  hits="1"  branch="false" />
			<line number="97"  hits="1"  branch="false" />
		</lines>
		</class>
	</classes>
	</package>
</packages>
</coverage>
